<?xml version="1.0" encoding="UTF-8"?>
<testng-results ignored="0" total="4" passed="4" failed="0" skipped="0">
  <reporter-output>
  </reporter-output>
  <suite started-at="2022-07-25T16:10:59 IST" name="Default suite" finished-at="2022-07-25T16:12:56 IST" duration-ms="116753">
    <groups>
      <group name="cucumber">
        <method signature="AbstractTestNGCucumberTests.runScenario(io.cucumber.testng.PickleWrapper, io.cucumber.testng.FeatureWrapper)[pri:0, instance:Runner.Facebookruneer@7133da86]" name="runScenario" class="io.cucumber.testng.AbstractTestNGCucumberTests"/>
      </group> <!-- cucumber -->
    </groups>
    <test started-at="2022-07-25T16:10:59 IST" name="Default test" finished-at="2022-07-25T16:12:56 IST" duration-ms="116753">
      <class name="Runner.Facebookruneer">
        <test-method is-config="true" signature="setUpClass()[pri:0, instance:Runner.Facebookruneer@7133da86]" started-at="2022-07-25T16:10:59 IST" name="setUpClass" finished-at="2022-07-25T16:11:00 IST" duration-ms="1187" status="PASS">
          <reporter-output>
          </reporter-output>
        </test-method> <!-- setUpClass -->
        <test-method signature="runScenario(io.cucumber.testng.PickleWrapper, io.cucumber.testng.FeatureWrapper)[pri:0, instance:Runner.Facebookruneer@7133da86]" started-at="2022-07-25T16:11:00 IST" name="runScenario" description="Runs Cucumber Scenarios" data-provider="scenarios" finished-at="2022-07-25T16:12:07 IST" duration-ms="66075" status="PASS">
          <params>
            <param index="0">
              <value>
                <![CDATA["Test Facebook Loing Function with Valid UserName Invalid Password"]]>
              </value>
            </param>
            <param index="1">
              <value>
                <![CDATA["Optional[Test Facebook login]"]]>
              </value>
            </param>
          </params>
          <reporter-output>
          </reporter-output>
        </test-method> <!-- runScenario -->
        <test-method signature="runScenario(io.cucumber.testng.PickleWrapper, io.cucumber.testng.FeatureWrapper)[pri:0, instance:Runner.Facebookruneer@7133da86]" started-at="2022-07-25T16:12:07 IST" name="runScenario" description="Runs Cucumber Scenarios" data-provider="scenarios" finished-at="2022-07-25T16:12:31 IST" duration-ms="24843" status="PASS">
          <params>
            <param index="0">
              <value>
                <![CDATA["Test Facebook Loing Function with InValid UserName valid Password"]]>
              </value>
            </param>
            <param index="1">
              <value>
                <![CDATA["Optional[Test Facebook login]"]]>
              </value>
            </param>
          </params>
          <reporter-output>
          </reporter-output>
        </test-method> <!-- runScenario -->
        <test-method signature="runScenario(io.cucumber.testng.PickleWrapper, io.cucumber.testng.FeatureWrapper)[pri:0, instance:Runner.Facebookruneer@7133da86]" started-at="2022-07-25T16:12:31 IST" name="runScenario" description="Runs Cucumber Scenarios" data-provider="scenarios" finished-at="2022-07-25T16:12:40 IST" duration-ms="8177" status="PASS">
          <params>
            <param index="0">
              <value>
                <![CDATA["Test Facebook Loing Function with InValid UserName Invalid Password"]]>
              </value>
            </param>
            <param index="1">
              <value>
                <![CDATA["Optional[Test Facebook login]"]]>
              </value>
            </param>
          </params>
          <reporter-output>
          </reporter-output>
        </test-method> <!-- runScenario -->
        <test-method signature="runScenario(io.cucumber.testng.PickleWrapper, io.cucumber.testng.FeatureWrapper)[pri:0, instance:Runner.Facebookruneer@7133da86]" started-at="2022-07-25T16:12:40 IST" name="runScenario" description="Runs Cucumber Scenarios" data-provider="scenarios" finished-at="2022-07-25T16:12:56 IST" duration-ms="16053" status="PASS">
          <params>
            <param index="0">
              <value>
                <![CDATA["Test Facebook Loing Function with Valid UserName valid Password"]]>
              </value>
            </param>
            <param index="1">
              <value>
                <![CDATA["Optional[Test Facebook login]"]]>
              </value>
            </param>
          </params>
          <reporter-output>
          </reporter-output>
        </test-method> <!-- runScenario -->
        <test-method is-config="true" signature="tearDownClass()[pri:0, instance:Runner.Facebookruneer@7133da86]" started-at="2022-07-25T16:12:56 IST" name="tearDownClass" finished-at="2022-07-25T16:12:56 IST" duration-ms="240" status="PASS">
          <reporter-output>
          </reporter-output>
        </test-method> <!-- tearDownClass -->
      </class> <!-- Runner.Facebookruneer -->
    </test> <!-- Default test -->
  </suite> <!-- Default suite -->
</testng-results>
